ANSI color bit for Windows is not set. If you are execcuting this from a Windows terminal inside the host you should run 'REG ADD HKCU\Console /v VirtualTerminalLevel /t REG_DWORD /d 1' and then start a new CMD
   Creating Dynamic lists, this could take a while, please wait...
   - Checking if domain...
   - Getting Win32_UserAccount info...
   - Creating current user groups list...
   - Creating active users list...
   - Creating disabled users list...
   - Admin users list...
     
             *((,.,/((((((((((((((((((((/,  */               
      ,/*,..*((((((((((((((((((((((((((((((((((,           
    ,*/((((((((((((((((((/,  .*//((//**, .*(((((((*       
    ((((((((((((((((**********/########## .(* ,(((((((   
    (((((((((((/********************/####### .(. (((((((
    ((((((..******************/@@@@@/***/###### ./(((((((
    ,,....********************@@@@@@@@@@(***,#### .//((((((
    , ,..********************/@@@@@%@@@@/********##((/ /((((
    ..((###########*********/%@@@@@@@@@/************,,..((((
    .(##################(/******/@@@@@/***************.. /((
    .(#########################(/**********************..*((
    .(##############################(/*****************.,(((
    .(###################################(/************..(((
    .(#######################################(*********..(((
    .(#######(,.***.,(###################(..***.*******..(((
    .(#######*(#####((##################((######/(*****..(((
    .(###################(/***********(##############(...(((
    .((#####################/*******(################.((((((
    .(((############################################(..((((
    ..(((##########################################(..(((((
    ....((########################################( .(((((
    ......((####################################( .((((((
    (((((((((#################################(../((((((
        (((((((((/##########################(/..((((((
              (((((((((/,.  ,*//////*,. ./(((((((((((((((.
                 (((((((((((((((((((((((((((((/

ADVISORY: winpeas should be used for authorized penetration testing and/or educational purposes only.Any misuse of this software will not be the responsibility of the author or of any other collaborator. Use it at your own networks and/or with the network owner's permission.

  WinPEAS v1.1 by carlospolop

  [+] Legend:
         Red                Indicates a special privilege over an object or something is misconfigured
         Green              Indicates that some protection is enabled or something is well configured
         Cyan               Indicates active users
         Blue               Indicates disabled users
         LightYellow        Indicates links

   [?] You can find a Windows local PE Checklist here: https://book.hacktricks.xyz/windows/checklist-windows-privilege-escalation


  ==========================================(System Information)==========================================

  [+] Basic System Information
   [?] Check if the Windows versions is vulnerable to some known exploit https://book.hacktricks.xyz/windows/windows-local-privilege-escalation#kernel-exploits
    Hostname: BUFF
    ProductName: Windows 10 Enterprise
    EditionID: Enterprise
    ReleaseId: 1803
    BuildBranch: rs4_release
    CurrentMajorVersionNumber: 10
    CurrentVersion: 6.3
    Architecture: AMD64
    ProcessorCount: 4
    SystemLang: en-US
    KeyboardLang: English (United States)
    TimeZone: (UTC+00:00) Dublin, Edinburgh, Lisbon, London
    IsVirtualMachine: True
    Current Time: 07/09/2020 11:56:17
    HighIntegrity: False
    PartOfDomain: False
    Hotfixes: 

  [?] Windows vulns search powered by Watson(https://github.com/rasta-mouse/Watson)
    OS Build Number: 17134
       [!] CVE-2019-0836 : VULNERABLE
        [>] https://exploit-db.com/exploits/46718
        [>] https://decoder.cloud/2019/04/29/combinig-luafv-postluafvpostreadwrite-race-condition-pe-with-diaghub-collector-exploit-from-standard-user-to-system/

       [!] CVE-2019-0841 : VULNERABLE
        [>] https://github.com/rogue-kdc/CVE-2019-0841
        [>] https://rastamouse.me/tags/cve-2019-0841/

       [!] CVE-2019-1064 : VULNERABLE
        [>] https://www.rythmstick.net/posts/cve-2019-1064/

       [!] CVE-2019-1130 : VULNERABLE
        [>] https://github.com/S3cur3Th1sSh1t/SharpByeBear

       [!] CVE-2019-1253 : VULNERABLE
        [>] https://github.com/padovah4ck/CVE-2019-1253

       [!] CVE-2019-1315 : VULNERABLE
        [>] https://offsec.almond.consulting/windows-error-reporting-arbitrary-file-move-eop.html

       [!] CVE-2019-1385 : VULNERABLE
        [>] https://www.youtube.com/watch?v=K6gHnr-VkAg

       [!] CVE-2019-1388 : VULNERABLE
        [>] https://github.com/jas502n/CVE-2019-1388

       [!] CVE-2019-1405 : VULNERABLE
        [>] https://www.nccgroup.trust/uk/about-us/newsroom-and-events/blogs/2019/november/cve-2019-1405-and-cve-2019-1322-elevation-to-system-via-the-upnp-device-host-service-and-the-update-orchestrator-service/

    Finished. Found 9 potential vulnerabilities.

  [+] User Environment Variables
   [?] Check for some passwords or keys in the env variables 
    COMPUTERNAME: BUFF
    PUBLIC: C:\Users\Public
    LOCALAPPDATA: C:\Users\shaun\AppData\Local
    PSModulePath: %ProgramFiles%\WindowsPowerShell\Modules;C:\Windows\system32\WindowsPowerShell\v1.0\Modules
    PROCESSOR_ARCHITECTURE: AMD64
    Path: C:\Windows\system32;C:\Windows;C:\Windows\System32\Wbem;C:\Windows\System32\WindowsPowerShell\v1.0\;C:\Windows\System32\OpenSSH\;C:\Users\shaun\AppData\Local\Microsoft\WindowsApps
    CommonProgramFiles(x86): C:\Program Files (x86)\Common Files
    ProgramFiles(x86): C:\Program Files (x86)
    PROCESSOR_LEVEL: 23
    ProgramFiles: C:\Program Files
    PATHEXT: .COM;.EXE;.BAT;.CMD;.VBS;.VBE;.JS;.JSE;.WSF;.WSH;.MSC
    USERPROFILE: C:\Users\shaun
    SystemRoot: C:\Windows
    ALLUSERSPROFILE: C:\ProgramData
    DriverData: C:\Windows\System32\Drivers\DriverData
    AP_PARENT_PID: 4880
    ProgramData: C:\ProgramData
    PROCESSOR_REVISION: 0102
    USERNAME: shaun
    CommonProgramW6432: C:\Program Files\Common Files
    OneDrive: C:\Users\shaun\OneDrive
    CommonProgramFiles: C:\Program Files\Common Files
    OS: Windows_NT
    PROCESSOR_IDENTIFIER: AMD64 Family 23 Model 1 Stepping 2, AuthenticAMD
    ComSpec: C:\Windows\system32\cmd.exe
    PROMPT: $P$G
    SystemDrive: C:
    TEMP: C:\Users\shaun\AppData\Local\Temp
    NUMBER_OF_PROCESSORS: 4
    APPDATA: C:\Users\shaun\AppData\Roaming
    TMP: C:\Users\shaun\AppData\Local\Temp
    ProgramW6432: C:\Program Files
    windir: C:\Windows
    USERDOMAIN: BUFF

  [+] System Environment Variables
   [?] Check for some passwords or keys in the env variables 
    ComSpec: C:\Windows\system32\cmd.exe
    DriverData: C:\Windows\System32\Drivers\DriverData
    OS: Windows_NT
    Path: C:\Windows\system32;C:\Windows;C:\Windows\System32\Wbem;C:\Windows\System32\WindowsPowerShell\v1.0\;C:\Windows\System32\OpenSSH\
    PATHEXT: .COM;.EXE;.BAT;.CMD;.VBS;.VBE;.JS;.JSE;.WSF;.WSH;.MSC
    PROCESSOR_ARCHITECTURE: AMD64
    PSModulePath: C:\Program Files\WindowsPowerShell\Modules;C:\Windows\system32\WindowsPowerShell\v1.0\Modules
    TEMP: C:\Windows\TEMP
    TMP: C:\Windows\TEMP
    USERNAME: SYSTEM
    windir: C:\Windows
    NUMBER_OF_PROCESSORS: 4
    PROCESSOR_LEVEL: 23
    PROCESSOR_IDENTIFIER: AMD64 Family 23 Model 1 Stepping 2, AuthenticAMD
    PROCESSOR_REVISION: 0102

  [+] Audit Settings
   [?] Check what is being logged 
    Not Found

  [+] WEF Settings
   [?] Windows Event Forwarding, is interesting to know were are sent the logs 
    Not Found

  [+] LAPS Settings
   [?] If installed, local administrator password is changed frequently and is restricted by ACL 
    LAPS Enabled: LAPS not installed

  [+] Wdigest
   [?] If enabled, plain-text crds could be stored in LSASS https://book.hacktricks.xyz/windows/stealing-credentials/credentials-protections#wdigest
    Wdigest is not enabled

  [+] LSA Protection
   [?] If enabled, a driver is needed to read LSASS memory (If Secure Boot or UEFI, RunAsPPL cannot be disabled by deleting the registry key) https://book.hacktricks.xyz/windows/stealing-credentials/credentials-protections#lsa-protection
    LSA Protection is not enabled

  [+] Credentials Guard
   [?] If enabled, a driver is needed to read LSASS memory https://book.hacktricks.xyz/windows/stealing-credentials/credentials-protections#credential-guard
    CredentialGuard is not enabled

  [+] Cached Creds
   [?] If > 0, credentials will be cached in the registry and accessible by SYSTEM user https://book.hacktricks.xyz/windows/stealing-credentials/credentials-protections#cached-credentials
    cachedlogonscount is 10

  [+] AV Information
    Some AV was detected, search for bypasses
    Name: Windows Defender
    ProductEXE: windowsdefender://
    pathToSignedReportingExe: %ProgramFiles%\Windows Defender\MsMpeng.exe

  [+] UAC Status
   [?] If you are in the Administrators group check how to bypass the UAC https://book.hacktricks.xyz/windows/windows-local-privilege-escalation#basic-uac-bypass-full-file-system-access
    ConsentPromptBehaviorAdmin: 5 - PromptForNonWindowsBinaries
    EnableLUA: 1
    LocalAccountTokenFilterPolicy: 
    FilterAdministratorToken: 
      [*] LocalAccountTokenFilterPolicy set to 0 and FilterAdministratorToken != 1.
      [-] Only the RID-500 local admin account can be used for lateral movement.

  [+] PowerShell Settings
    PowerShell v2 Version: 2.0
    PowerShell v5 Version: 5.1.17134.1
    Transcription Settings: 
    Module Logging Settings: 
    Scriptblock Logging Settings: 
    PS history file: 
    PS history size: 

  [+] PS default transcripts history
    [i] Read the PS history inside these files (if any)

  [+] Powershell Console Host History

  [+] HKCU Internet Settings
    User Agent: Mozilla/4.0 (compatible; MSIE 8.0; Win32)
    IE5_UA_Backup_Flag: 5.0
    ZonesSecurityUpgrade: System.Byte[]
    EnableNegotiate: 1
    ProxyEnable: 0

  [+] HKLM Internet Settings
    ActiveXCache: C:\Windows\Downloaded Program Files
    CodeBaseSearchPath: CODEBASE
    EnablePunycode: 1
    MinorVersion: 0
    WarnOnIntranet: 1

  [+] Drives Information
   [?] Remember that you should search more info inside the other drives 
    C:\ (Type: Fixed)(Filesystem: NTFS)(Available space: 7 GB)(Permissions: Authenticated Users [AppendData/CreateDirectories])

  [+] Checking WSUS
   [?]  https://book.hacktricks.xyz/windows/windows-local-privilege-escalation#wsus
    Not Found

  [+] Checking AlwaysInstallElevated
   [?]  https://book.hacktricks.xyz/windows/windows-local-privilege-escalation#alwaysinstallelevated
    AlwaysInstallElevated isn't available


  ===========================================(Users Information)===========================================

  [+] Users
   [?] Check if you have some admin equivalent privileges https://book.hacktricks.xyz/windows/windows-local-privilege-escalation#users-and-groups
  Current user: shaun
  Current groups: Domain Users, Everyone, Users, Batch, Console Logon, Authenticated Users, This Organization, Local account, Local, NTLM Authentication
   =================================================================================================

    BUFF\Administrator: Built-in account for administering the computer/domain
        |->Groups: Administrators
        |->Password: CanChange-NotExpi-Req

    BUFF\DefaultAccount(Disabled): A user account managed by the system.
        |->Groups: System Managed Accounts Group
        |->Password: CanChange-NotExpi-NotReq

    BUFF\Guest(Disabled): Built-in account for guest access to the computer/domain
        |->Groups: Guests
        |->Password: NotChange-NotExpi-NotReq

    BUFF\shaun
        |->Groups: Users
        |->Password: NotChange-NotExpi-NotReq

    BUFF\WDAGUtilityAccount(Disabled): A user account managed and used by the system for Windows Defender Application Guard scenarios.
        |->Password: CanChange-Expi-Req


  [+] Current Token privileges
   [?] Check if you can escalate privilege using some enabled token https://book.hacktricks.xyz/windows/windows-local-privilege-escalation#token-manipulation
    SeShutdownPrivilege: DISABLED
    SeChangeNotifyPrivilege: SE_PRIVILEGE_ENABLED_BY_DEFAULT, SE_PRIVILEGE_ENABLED
    SeUndockPrivilege: DISABLED
    SeIncreaseWorkingSetPrivilege: DISABLED
    SeTimeZonePrivilege: DISABLED

  [+] Clipboard text


  [+] Logged users
    BUFF\Administrator

  [+] RDP Sessions
    Not Found

  [+] Ever logged users
  [X] Exception: System.Security.Principal.IdentityNotMappedException: Some or all identity references could not be translated.
   at System.Security.Principal.SecurityIdentifier.Translate(IdentityReferenceCollection sourceSids, Type targetType, Boolean forceSuccess)
   at System.Security.Principal.SecurityIdentifier.Translate(Type targetType)
   at winPEAS.UserInfo.GetEverLoggedUsers()
    BUFF\Administrator

  [+] Home folders found
    C:\Users\Administrator
    C:\Users\All Users
    C:\Users\Default
    C:\Users\Default User
    C:\Users\Public : Batch [WriteData/CreateFiles]
    C:\Users\shaun : shaun [AllAccess]

  [+] Looking for AutoLogon credentials
    Some AutoLogon credentials were found!!
    DefaultDomainName             :  BUFF
    DefaultUserName               :  Administrator

  [+] Password Policies
   [?] Check for a possible brute-force 
    Domain: Builtin
    SID: S-1-5-32
    MaxPasswordAge: 42.22:47:31.7437440
    MinPasswordAge: 00:00:00
    MinPasswordLength: 0
    PasswordHistoryLength: 0
    PasswordProperties: 0
   =================================================================================================

    Domain: BUFF
    SID: S-1-5-21-2277156429-3381729605-2640630771
    MaxPasswordAge: 42.00:00:00
    MinPasswordAge: 00:00:00
    MinPasswordLength: 0
    PasswordHistoryLength: 0
    PasswordProperties: 0
   =================================================================================================



  =======================================(Processes Information)=======================================

  [+] Interesting Processes -non Microsoft-
   [?] Check if any interesting proccesses for memmory dump or if you could overwrite some binary running https://book.hacktricks.xyz/windows/windows-local-privilege-escalation#running-processes
    conhost(7664)[C:\Windows\system32\conhost.exe] -- POwn: shaun
    Command Line: \??\C:\Windows\system32\conhost.exe 0x4
   =================================================================================================

    mysqld(7892)[C:\xampp\mysql\bin\mysqld.exe] -- POwn: shaun
    Permissions: Authenticated Users [WriteData/CreateFiles]
    Possible DLL Hijacking folder: C:\xampp\mysql\bin (Authenticated Users [WriteData/CreateFiles])
    Command Line: mysql\bin\mysqld.exe --defaults-file=mysql\bin\my.ini --standalone
   =================================================================================================

    conhost(4452)[C:\Windows\system32\conhost.exe] -- POwn: shaun
    Command Line: \??\C:\Windows\system32\conhost.exe 0x4
   =================================================================================================

    cmd(768)[C:\Windows\SYSTEM32\cmd.exe] -- POwn: shaun
    Command Line: cmd.exe /c ".\test.war"
   =================================================================================================

    cmd(7604)[C:\Windows\SYSTEM32\cmd.exe] -- POwn: shaun
    Command Line: cmd.exe /c ".\test.war"
   =================================================================================================

    httpd(7184)[C:\xampp\apache\bin\httpd.exe] -- POwn: shaun
    Permissions: Authenticated Users [WriteData/CreateFiles]
    Possible DLL Hijacking folder: C:\xampp\apache\bin (Authenticated Users [WriteData/CreateFiles])
    Command Line: C:\xampp\apache\bin\httpd.exe -d C:/xampp/apache -f conf\httpd.conf
   =================================================================================================

    cmd(6400)[C:\Windows\SYSTEM32\cmd.exe] -- POwn: shaun
    Command Line: cmd.exe /c ".\winpeas.exe"
   =================================================================================================

    winpeas(2416)[C:\xampp\htdocs\gym\upload\winpeas.exe] -- POwn: shaun -- isDotNet
    Permissions: shaun [WriteData/CreateFiles], Authenticated Users [WriteData/CreateFiles]
    Possible DLL Hijacking folder: C:\xampp\htdocs\gym\upload (shaun [WriteData/CreateFiles], Authenticated Users [WriteData/CreateFiles])
    Command Line: .\winpeas.exe
   =================================================================================================

    conhost(8412)[C:\Windows\system32\conhost.exe] -- POwn: shaun
    Command Line: \??\C:\Windows\system32\conhost.exe 0x4
   =================================================================================================

    httpd(4880)[C:\xampp\apache\bin\httpd.exe] -- POwn: shaun
    Permissions: Authenticated Users [WriteData/CreateFiles]
    Possible DLL Hijacking folder: C:\xampp\apache\bin (Authenticated Users [WriteData/CreateFiles])
    Command Line: apache\bin\httpd.exe -f conf\httpd.conf
   =================================================================================================

    conhost(7376)[C:\Windows\system32\conhost.exe] -- POwn: shaun
    Command Line: \??\C:\Windows\system32\conhost.exe 0x4
   =================================================================================================

System.InvalidOperationException: Cannot open Service Control Manager on computer '.'. This operation might require other privileges. ---> System.ComponentModel.Win32Exception: Access is denied
   --- End of inner exception stack trace ---
   at System.ServiceProcess.ServiceController.GetDataBaseHandleWithAccess(String machineName, Int32 serviceControlManaqerAccess)
   at System.ServiceProcess.ServiceController.GetServicesOfType(String machineName, Int32 serviceType)
   at System.ServiceProcess.ServiceController.GetServices()
   at winPEAS.ServicesInfo.GetModifiableServices(Dictionary`2 SIDs)
   at winPEAS.Program.PrintInfoServices()


  ========================================(Services Information)========================================

  [+] Interesting Services -non Microsoft-
   [?] Check if you can overwrite some service binary or perform a DLL hijacking, also check for unquoted paths https://book.hacktricks.xyz/windows/windows-local-privilege-escalation#services
  [X] Exception: Access denied 
    @arcsas.inf,%arcsas_ServiceName%;Adaptec SAS/SATA-II RAID Storport's Miniport Driver(PMC-Sierra, Inc. - @arcsas.inf,%arcsas_ServiceName%;Adaptec SAS/SATA-II RAID Storport's Miniport Driver)[System32\drivers\arcsas.sys] - Boot
   =================================================================================================

    @netbvbda.inf,%vbd_srv_desc%;QLogic Network Adapter VBD(QLogic Corporation - @netbvbda.inf,%vbd_srv_desc%;QLogic Network Adapter VBD)[System32\drivers\bxvbda.sys] - Boot
   =================================================================================================

    @bcmfn2.inf,%bcmfn2.SVCDESC%;bcmfn2 Service(Windows (R) Win 7 DDK provider - @bcmfn2.inf,%bcmfn2.SVCDESC%;bcmfn2 Service)[C:\Windows\System32\drivers\bcmfn2.sys] - System
   =================================================================================================

    @cht4vx64.inf,%cht4vbd.generic%;Chelsio Virtual Bus Driver(Chelsio Communications - @cht4vx64.inf,%cht4vbd.generic%;Chelsio Virtual Bus Driver)[C:\Windows\System32\drivers\cht4vx64.sys] - System
   =================================================================================================

    @netevbda.inf,%vbd_srv_desc%;QLogic 10 Gigabit Ethernet Adapter VBD(QLogic Corporation - @netevbda.inf,%vbd_srv_desc%;QLogic 10 Gigabit Ethernet Adapter VBD)[System32\drivers\evbda.sys] - Boot
   =================================================================================================

    @iagpio.inf,%iagpio.SVCDESC%;Intel Serial IO GPIO Controller Driver(Intel(R) Corporation - @iagpio.inf,%iagpio.SVCDESC%;Intel Serial IO GPIO Controller Driver)[C:\Windows\System32\drivers\iagpio.sys] - System
   =================================================================================================

    @iai2c.inf,%iai2c.SVCDESC%;Intel(R) Serial IO I2C Host Controller(Intel(R) Corporation - @iai2c.inf,%iai2c.SVCDESC%;Intel(R) Serial IO I2C Host Controller)[C:\Windows\System32\drivers\iai2c.sys] - System
   =================================================================================================

    @iaLPSS2i_GPIO2_SKL.inf,%iaLPSS2i_GPIO2.SVCDESC%;Intel(R) Serial IO GPIO Driver v2(Intel Corporation - @iaLPSS2i_GPIO2_SKL.inf,%iaLPSS2i_GPIO2.SVCDESC%;Intel(R) Serial IO GPIO Driver v2)[C:\Windows\System32\drivers\iaLPSS2i_GPIO2.sys] - System
   =================================================================================================

    @iaLPSS2i_GPIO2_BXT_P.inf,%iaLPSS2i_GPIO2_BXT_P.SVCDESC%;Intel(R) Serial IO GPIO Driver v2(Intel Corporation - @iaLPSS2i_GPIO2_BXT_P.inf,%iaLPSS2i_GPIO2_BXT_P.SVCDESC%;Intel(R) Serial IO GPIO Driver v2)[C:\Windows\System32\drivers\iaLPSS2i_GPIO2_BXT_P.sys] - System
   =================================================================================================

    @iaLPSS2i_I2C_SKL.inf,%iaLPSS2i_I2C.SVCDESC%;Intel(R) Serial IO I2C Driver v2(Intel Corporation - @iaLPSS2i_I2C_SKL.inf,%iaLPSS2i_I2C.SVCDESC%;Intel(R) Serial IO I2C Driver v2)[C:\Windows\System32\drivers\iaLPSS2i_I2C.sys] - System
   =================================================================================================

    @iaLPSS2i_I2C_BXT_P.inf,%iaLPSS2i_I2C_BXT_P.SVCDESC%;Intel(R) Serial IO I2C Driver v2(Intel Corporation - @iaLPSS2i_I2C_BXT_P.inf,%iaLPSS2i_I2C_BXT_P.SVCDESC%;Intel(R) Serial IO I2C Driver v2)[C:\Windows\System32\drivers\iaLPSS2i_I2C_BXT_P.sys] - System
   =================================================================================================

    @ialpssi_gpio.inf,%iaLPSSi_GPIO.SVCDESC%;Intel(R) Serial IO GPIO Controller Driver(Intel Corporation - @ialpssi_gpio.inf,%iaLPSSi_GPIO.SVCDESC%;Intel(R) Serial IO GPIO Controller Driver)[C:\Windows\System32\drivers\iaLPSSi_GPIO.sys] - System
   =================================================================================================

    @ialpssi_i2c.inf,%iaLPSSi_I2C.SVCDESC%;Intel(R) Serial IO I2C Controller Driver(Intel Corporation - @ialpssi_i2c.inf,%iaLPSSi_I2C.SVCDESC%;Intel(R) Serial IO I2C Controller Driver)[C:\Windows\System32\drivers\iaLPSSi_I2C.sys] - System
   =================================================================================================

    @iastorav.inf,%iaStorAVC.DeviceDesc%;Intel Chipset SATA RAID Controller(Intel Corporation - @iastorav.inf,%iaStorAVC.DeviceDesc%;Intel Chipset SATA RAID Controller)[System32\drivers\iaStorAVC.sys] - Boot
   =================================================================================================

    @iastorv.inf,%*PNP0600.DeviceDesc%;Intel RAID Controller Windows 7(Intel Corporation - @iastorv.inf,%*PNP0600.DeviceDesc%;Intel RAID Controller Windows 7)[System32\drivers\iaStorV.sys] - Boot
   =================================================================================================

    @mlx4_bus.inf,%Ibbus.ServiceDesc%;Mellanox InfiniBand Bus/AL (Filter Driver)(Mellanox - @mlx4_bus.inf,%Ibbus.ServiceDesc%;Mellanox InfiniBand Bus/AL (Filter Driver))[C:\Windows\System32\drivers\ibbus.sys] - System
   =================================================================================================

    @mlx4_bus.inf,%MLX4BUS.ServiceDesc%;Mellanox ConnectX Bus Enumerator(Mellanox - @mlx4_bus.inf,%MLX4BUS.ServiceDesc%;Mellanox ConnectX Bus Enumerator)[C:\Windows\System32\drivers\mlx4_bus.sys] - System
   =================================================================================================

    @mlx4_bus.inf,%ndfltr.ServiceDesc%;NetworkDirect Service(Mellanox - @mlx4_bus.inf,%ndfltr.ServiceDesc%;NetworkDirect Service)[C:\Windows\System32\drivers\ndfltr.sys] - System
   =================================================================================================

    OpenSSH Authentication Agent(OpenSSH Authentication Agent)[C:\Windows\System32\OpenSSH\ssh-agent.exe] - Manual
    Agent to hold private keys used for public key authentication.
   =================================================================================================

    @usbstor.inf,%USBSTOR.SvcDesc%;USB Mass Storage Driver(@usbstor.inf,%USBSTOR.SvcDesc%;USB Mass Storage Driver)[C:\Windows\System32\drivers\USBSTOR.SYS] - System
   =================================================================================================

    @usbxhci.inf,%PCI\CC_0C0330.DeviceDesc%;USB xHCI Compliant Host Controller(@usbxhci.inf,%PCI\CC_0C0330.DeviceDesc%;USB xHCI Compliant Host Controller)[C:\Windows\System32\drivers\USBXHCI.SYS] - System
   =================================================================================================

    VMware Alias Manager and Ticket Service(VMware, Inc. - VMware Alias Manager and Ticket Service)["C:\Program Files\VMware\VMware Tools\VMware VGAuth\VGAuthService.exe"] - Autoload
    Alias Manager and Ticket Service
   =================================================================================================

    @oem2.inf,%loc.vmciServiceDisplayName%;VMware VMCI Bus Driver(VMware, Inc. - @oem2.inf,%loc.vmciServiceDisplayName%;VMware VMCI Bus Driver)[System32\drivers\vmci.sys] - Boot
   =================================================================================================

    Memory Control Driver(VMware, Inc. - Memory Control Driver)[C:\Windows\system32\DRIVERS\vmmemctl.sys] - Autoload
    Driver to provide enhanced memory management of this virtual machine.
   =================================================================================================

    @oem7.inf,%VMMouse.SvcDesc%;VMware Pointing Device(VMware, Inc. - @oem7.inf,%VMMouse.SvcDesc%;VMware Pointing Device)[C:\Windows\System32\drivers\vmmouse.sys] - System
   =================================================================================================

    VMware Tools(VMware, Inc. - VMware Tools)["C:\Program Files\VMware\VMware Tools\vmtoolsd.exe"] - Autoload
    Provides support for synchronizing objects between the host and guest operating systems.
   =================================================================================================

    @oem6.inf,%VMUsbMouse.SvcDesc%;VMware USB Pointing Device(VMware, Inc. - @oem6.inf,%VMUsbMouse.SvcDesc%;VMware USB Pointing Device)[C:\Windows\System32\drivers\vmusbmouse.sys] - System
   =================================================================================================

    VMware CAF AMQP Communication Service(VMware CAF AMQP Communication Service)["C:\Program Files\VMware\VMware Tools\VMware CAF\pme\bin\CommAmqpListener.exe"] - System
    VMware Common Agent AMQP Communication Service
   =================================================================================================

    VMware CAF Management Agent Service(VMware CAF Management Agent Service)["C:\Program Files\VMware\VMware Tools\VMware CAF\pme\bin\ManagementAgentHost.exe"] - System
    VMware Common Agent Management Agent Service
   =================================================================================================

    @oem4.inf,%vmxnet3.ndis6.Service.DispName%;vmxnet3 NDIS 6 Ethernet Adapter Driver(VMware, Inc. - @oem4.inf,%vmxnet3.ndis6.Service.DispName%;vmxnet3 NDIS 6 Ethernet Adapter Driver)[C:\Windows\System32\drivers\vmxnet3.sys] - System
   =================================================================================================

    vSockets Virtual Machine Communication Interface Sockets driver(VMware, Inc. - vSockets Virtual Machine Communication Interface Sockets driver)[system32\DRIVERS\vsock.sys] - Boot
    vSockets Driver
   =================================================================================================

    @vstxraid.inf,%Driver.DeviceDesc%;VIA StorX Storage RAID Controller Windows Driver(VIA Corporation - @vstxraid.inf,%Driver.DeviceDesc%;VIA StorX Storage RAID Controller Windows Driver)[System32\drivers\vstxraid.sys] - Boot
   =================================================================================================

    @mlx4_bus.inf,%WinMad.ServiceDesc%;WinMad Service(Mellanox - @mlx4_bus.inf,%WinMad.ServiceDesc%;WinMad Service)[C:\Windows\System32\drivers\winmad.sys] - System
   =================================================================================================

    @winusb.inf,%WINUSB_SvcDesc%;WinUsb Driver(@winusb.inf,%WINUSB_SvcDesc%;WinUsb Driver)[C:\Windows\System32\drivers\WinUSB.SYS] - System
   =================================================================================================

    @mlx4_bus.inf,%WinVerbs.ServiceDesc%;WinVerbs Service(Mellanox - @mlx4_bus.inf,%WinVerbs.ServiceDesc%;WinVerbs Service)[C:\Windows\System32\drivers\winverbs.sys] - System
   =================================================================================================


  [+] Modifiable Services
   [?] Check if you can modify any service https://book.hacktricks.xyz/windows/windows-local-privilege-escalation#services
    You cannot modify any service

  [+] Looking if you can modify any service registry
   [?] Check if you can modify the registry of a service https://book.hacktricks.xyz/windows/windows-local-privilege-escalation#services-registry-permissions
    [-] Looks like you cannot change the registry of any service...

  [+] Checking write permissions in PATH folders (DLL Hijacking)
   [?] Check for DLL Hijacking in PATH folders https://book.hacktricks.xyz/windows/windows-local-privilege-escalation#dll-hijacking
    C:\Windows\system32
    C:\Windows
    C:\Windows\System32\Wbem
    C:\Windows\System32\WindowsPowerShell\v1.0\
    C:\Windows\System32\OpenSSH\


  ====================================(Applications Information)====================================

  [+] Current Active Window Application
System.NullReferenceException: Object reference not set to an instance of an object.
   at winPEAS.MyUtils.GetPermissionsFile(String path, Dictionary`2 SIDs)
   at winPEAS.Program.<PrintInfoApplications>g__PrintActiveWindow|43_0()

  [+] Installed Applications --Via Program Files/Uninstall registry--
   [?] Check if you can modify installed software https://book.hacktricks.xyz/windows/windows-local-privilege-escalation#software
    C:\Program Files\Common Files
    C:\Program Files\desktop.ini
    C:\Program Files\internet explorer
    C:\Program Files\Uninstall Information
    C:\Program Files\UNP
    C:\Program Files\VMware
    C:\Program Files\Windows Defender
    C:\Program Files\Windows Defender Advanced Threat Protection
    C:\Program Files\Windows Mail
    C:\Program Files\Windows Media Player
    C:\Program Files\Windows Multimedia Platform
    C:\Program Files\windows nt
    C:\Program Files\Windows Photo Viewer
    C:\Program Files\Windows Portable Devices
    C:\Program Files\Windows Security
    C:\Program Files\Windows Sidebar
    C:\Program Files\WindowsApps
    C:\Program Files\WindowsPowerShell
    C:\xampp(Authenticated Users [WriteData/CreateFiles])


  [+] Autorun Applications
   [?] Check if you can modify other users AutoRuns binaries (Note that is normal that you can modify HKCU registry and binaries indicated there) https://book.hacktricks.xyz/windows/windows-local-privilege-escalation/privilege-escalation-with-autorun-binaries

    RegPath: HKLM\SOFTWARE\Microsoft\Windows\CurrentVersion\Run
    Key: SecurityHealth
    Folder: C:\Program Files\Windows Defender
    File: C:\Program Files\Windows Defender\MSASCuiL.exe (Unquoted and Space detected)
   =================================================================================================


    RegPath: HKLM\SOFTWARE\Microsoft\Windows\CurrentVersion\Run
    Key: VMware User Process
    Folder: C:\Program Files\VMware\VMware Tools
    File: C:\Program Files\VMware\VMware Tools\vmtoolsd.exe -n vmusr (Unquoted and Space detected)
   =================================================================================================


    RegPath: HKLM\SOFTWARE\Microsoft\Windows\CurrentVersion\Explorer\Shell Folders
    Key: Common Startup
    Folder: C:\ProgramData\Microsoft\Windows\Start Menu\Programs\Startup (Unquoted and Space detected)
   =================================================================================================


    RegPath: HKLM\SOFTWARE\Microsoft\Windows\CurrentVersion\Explorer\User Shell Folders
    Key: Common Startup
    Folder: C:\ProgramData\Microsoft\Windows\Start Menu\Programs\Startup (Unquoted and Space detected)
   =================================================================================================


    RegPath: HKLM\SOFTWARE\Microsoft\Windows NT\CurrentVersion\Winlogon
    Key: Userinit
    Folder: C:\Windows\system32
    File: C:\Windows\system32\userinit.exe,
   =================================================================================================


    RegPath: HKLM\SOFTWARE\Microsoft\Windows NT\CurrentVersion\Winlogon
    Key: Shell
    Folder: None (PATH Injection)
    File: explorer.exe
   =================================================================================================


    RegPath: HKLM\SYSTEM\CurrentControlSet\Control\SafeBoot
    Key: AlternateShell
    Folder: None (PATH Injection)
    File: cmd.exe
   =================================================================================================


    RegPath: HKLM\SOFTWARE\Microsoft\Windows NT\CurrentVersion\Font Drivers
    Key: Adobe Type Manager
    Folder: None (PATH Injection)
    File: atmfd.dll
   =================================================================================================


    RegPath: HKLM\SOFTWARE\WOW6432Node\Microsoft\Windows NT\CurrentVersion\Font Drivers
    Key: Adobe Type Manager
    Folder: None (PATH Injection)
    File: atmfd.dll
   =================================================================================================


    RegPath: HKLM\SOFTWARE\Classes\htmlfile\shell\open\command
    Folder: C:\Program Files\Internet Explorer
    File: C:\Program Files\Internet Explorer\iexplore.exe %1 (Unquoted and Space detected)
   =================================================================================================


    RegPath: HKLM\SOFTWARE\Microsoft\Active Setup\Installed Components\{2C7339CF-2B09-4501-B3F3-F3508C9228ED}
    Key: StubPath
    Folder: \
    FolderPerms: Authenticated Users [AppendData/CreateDirectories]
    File: /UserInstall
   =================================================================================================


    RegPath: HKLM\SOFTWARE\Microsoft\Active Setup\Installed Components\{6BF52A52-394A-11d3-B153-00C04F79FAA6}
    Key: StubPath
    Folder: C:\Windows\system32
    File: C:\Windows\system32\unregmp2.exe /FirstLogon
   =================================================================================================


    RegPath: HKLM\SOFTWARE\Microsoft\Active Setup\Installed Components\{89820200-ECBD-11cf-8B85-00AA005B4340}
    Key: StubPath
    Folder: None (PATH Injection)
    File: U
   =================================================================================================


    RegPath: HKLM\SOFTWARE\Microsoft\Active Setup\Installed Components\{89820200-ECBD-11cf-8B85-00AA005B4383}
    Key: StubPath
    Folder: C:\Windows\System32
    File: C:\Windows\System32\ie4uinit.exe -UserConfig
   =================================================================================================


    RegPath: HKLM\SOFTWARE\Microsoft\Active Setup\Installed Components\{89B4C1CD-B018-4511-B0A1-5476DBF70820}
    Key: StubPath
    Folder: C:\Windows\System32
    File: C:\Windows\System32\Rundll32.exe C:\Windows\System32\mscories.dll,Install
   =================================================================================================


    RegPath: HKLM\SOFTWARE\Wow6432Node\Microsoft\Active Setup\Installed Components\{6BF52A52-394A-11d3-B153-00C04F79FAA6}
    Key: StubPath
    Folder: C:\Windows\system32
    File: C:\Windows\system32\unregmp2.exe /FirstLogon
   =================================================================================================


    RegPath: HKLM\SOFTWARE\Wow6432Node\Microsoft\Active Setup\Installed Components\{89B4C1CD-B018-4511-B0A1-5476DBF70820}
    Key: StubPath
    Folder: C:\Windows\SysWOW64
    File: C:\Windows\SysWOW64\Rundll32.exe C:\Windows\SysWOW64\mscories.dll,Install
   =================================================================================================


    Folder: C:\Users\shaun\AppData\Roaming\Microsoft\Windows\Start Menu\Programs\Startup
    FolderPerms: shaun [AllAccess]
    File: C:\Users\shaun\AppData\Roaming\Microsoft\Windows\Start Menu\Programs\Startup\desktop.ini
    FilePerms: shaun [AllAccess]
   =================================================================================================


    Folder: C:\ProgramData\Microsoft\Windows\Start Menu\Programs\Startup
    File: C:\ProgramData\Microsoft\Windows\Start Menu\Programs\Startup\desktop.ini
   =================================================================================================


    Key: From WMIC
    Folder: C:\Program Files\Windows Defender
    File: C:\Program Files\Windows Defender\MSASCuiL.exe (Unquoted and Space detected)
   =================================================================================================


    Key: From WMIC
    Folder: C:\Program Files\VMware\VMware Tools
    File: C:\Program Files\VMware\VMware Tools\vmtoolsd.exe -n vmusr
   =================================================================================================


  [+] Scheduled Applications --Non Microsoft--
   [?] Check if you can modify other users scheduled binaries https://book.hacktricks.xyz/windows/windows-local-privilege-escalation/privilege-escalation-with-autorun-binaries
    ($(@%SystemRoot%\system32\invagent.dll,-701)) ProgramDataUpdater: C:\Windows\system32\compattelrunner.exe -maintenance
   =================================================================================================

    ($(@%systemRoot%\system32\ProvTool.exe,-101)) Cellular: C:\Windows\system32\ProvTool.exe /turn 7 /source CellStateChangeTask
    Trigger: Custom Trigger
   =================================================================================================

    ($(@%systemRoot%\system32\ProvTool.exe,-101)) Logon: C:\Windows\system32\ProvTool.exe /turn 5 /source LogonIdleTask
    Trigger: At log on of any user
   =================================================================================================

    ($(@%SystemRoot%\system32\spaceman.exe,-2)) SpaceManagerTask: C:\Windows\system32\spaceman.exe /Work
    Trigger: At system startup
             Custom Trigger
   =================================================================================================

    ($(@%SystemRoot%\system32\RemoteFXvGPUDisablement.exe,-1)) RemoteFXvGPUDisableTask: C:\Windows\System32\RemoteFXvGPUDisablement.exe Disable
    Trigger: At system startup
   =================================================================================================

    ($(@%SystemRoot%\system32\RemoteFXvGPUDisablement.exe,-1)) RemoteFXWarningTask: C:\Windows\System32\RemoteFXvGPUDisablement.exe Warning
    Trigger: At 13:00 every 30 days
   =================================================================================================


  [+] Device Drivers --Non Microsoft--
   [?] Check 3rd party drivers for known vulnerabilities/rootkits. https://book.hacktricks.xyz/windows/windows-local-privilege-escalation#vulnerable-drivers
    QLogic 10 GigE - 7.13.65.105 [QLogic Corporation]: \\.\GLOBALROOT\SystemRoot\System32\drivers\evbda.sys
    NVIDIA nForce(TM) RAID Driver - 10.6.0.23 [NVIDIA Corporation]: \\.\GLOBALROOT\SystemRoot\System32\drivers\nvraid.sys
    QLogic Gigabit Ethernet - 7.12.31.105 [QLogic Corporation]: \\.\GLOBALROOT\SystemRoot\System32\drivers\bxvbda.sys
    VMware vSockets Service - 9.8.12.0 build-8538197 [VMware, Inc.]: \\.\GLOBALROOT\SystemRoot\system32\DRIVERS\vsock.sys
    VMware PCI VMCI Bus Device - 9.8.6.0 build-3966680 [VMware, Inc.]: \\.\GLOBALROOT\SystemRoot\System32\drivers\vmci.sys
    Intel Matrix Storage Manager driver - 8.6.2.1019 [Intel Corporation]: \\.\GLOBALROOT\SystemRoot\System32\drivers\iaStorV.sys
    VIA StorX RAID Controller Driver - 8.0.9200.8110 [VIA Corporation]: \\.\GLOBALROOT\SystemRoot\System32\drivers\vstxraid.sys
    LSI 3ware RAID Controller - WindowsBlue [LSI]: \\.\GLOBALROOT\SystemRoot\System32\drivers\3ware.sys
    AHCI 1.3 Device Driver - 1.1.3.277 [Advanced Micro Devices]: \\.\GLOBALROOT\SystemRoot\System32\drivers\amdsata.sys
    Storage Filter Driver - 1.1.3.277 [Advanced Micro Devices]: \\.\GLOBALROOT\SystemRoot\System32\drivers\amdxata.sys
    AMD Technology AHCI Compatible Controller - 3.7.1540.43 [AMD Technologies Inc.]: \\.\GLOBALROOT\SystemRoot\System32\drivers\amdsbs.sys
    Adaptec RAID Controller - 7.5.0.32048 [PMC-Sierra, Inc.]: \\.\GLOBALROOT\SystemRoot\System32\drivers\arcsas.sys
    Windows (R) Win 7 DDK driver - 10.0.10011.16384 [Avago Technologies]: \\.\GLOBALROOT\SystemRoot\System32\drivers\ItSas35i.sys
    LSI Fusion-MPT SAS Driver (StorPort) - 1.34.03.83 [LSI Corporation]: \\.\GLOBALROOT\SystemRoot\System32\drivers\lsi_sas.sys
    Windows (R) Win 7 DDK driver - 10.0.10011.16384 [LSI Corporation]: \\.\GLOBALROOT\SystemRoot\System32\drivers\lsi_sas2i.sys
    Windows (R) Win 7 DDK driver - 10.0.10011.16384 [Avago Technologies]: \\.\GLOBALROOT\SystemRoot\System32\drivers\lsi_sas3i.sys
    LSI SSS PCIe/Flash Driver (StorPort) - 2.10.61.81 [LSI Corporation]: \\.\GLOBALROOT\SystemRoot\System32\drivers\lsi_sss.sys
    MEGASAS RAID Controller Driver for Windows - 6.706.06.00 [Avago Technologies]: \\.\GLOBALROOT\SystemRoot\System32\drivers\megasas.sys
    MEGASAS RAID Controller Driver for Windows - 6.714.05.00 [Avago Technologies]: \\.\GLOBALROOT\SystemRoot\System32\drivers\MegaSas2i.sys
    MEGASAS RAID Controller Driver for Windows - 7.702.12.00 [Avago Technologies]: \\.\GLOBALROOT\SystemRoot\System32\drivers\megasas35i.sys
    MegaRAID Software RAID - 15.02.2013.0129 [LSI Corporation, Inc.]: \\.\GLOBALROOT\SystemRoot\System32\drivers\megasr.sys
    Marvell Flash Controller -  1.0.5.1016  [Marvell Semiconductor, Inc.]: \\.\GLOBALROOT\SystemRoot\System32\drivers\mvumis.sys
    NVIDIA nForce(TM) SATA Driver - 10.6.0.23 [NVIDIA Corporation]: \\.\GLOBALROOT\SystemRoot\System32\drivers\nvstor.sys
    MEGASAS RAID Controller Driver for Windows - 6.805.03.00 [Avago Technologies]: \\.\GLOBALROOT\SystemRoot\System32\drivers\percsas2i.sys
    MEGASAS RAID Controller Driver for Windows - 6.603.06.00 [Avago Technologies]: \\.\GLOBALROOT\SystemRoot\System32\drivers\percsas3i.sys
    Microsoftr Windowsr Operating System - 2.60.01 [Silicon Integrated Systems Corp.]: \\.\GLOBALROOT\SystemRoot\System32\drivers\SiSRaid2.sys
    Microsoftr Windowsr Operating System - 6.1.6918.0 [Silicon Integrated Systems]: \\.\GLOBALROOT\SystemRoot\System32\drivers\sisraid4.sys
     Promiser SuperTrak EX Series -  5.1.0000.10 [Promise Technology, Inc.]: \\.\GLOBALROOT\SystemRoot\System32\drivers\stexstor.sys
    Chelsio Communications iSCSI Controller - 10.0.10011.16384 [Chelsio Communications]: \\.\GLOBALROOT\SystemRoot\System32\drivers\cht4sx64.sys
    VIA RAID driver - 7.0.9600,6352 [VIA Technologies Inc.,Ltd]: \\.\GLOBALROOT\SystemRoot\System32\drivers\vsmraid.sys
    Intel(R) Rapid Storage Technology driver (inbox) - 15.44.0.1010 [Intel Corporation]: \\.\GLOBALROOT\SystemRoot\System32\drivers\iaStorAVC.sys
    PMC-Sierra HBA Controller - 1.3.0.10769 [PMC-Sierra]: \\.\GLOBALROOT\SystemRoot\System32\drivers\ADP80XX.SYS
    Smart Array SAS/SATA Controller Media Driver - 8.0.4.0 Build 1 Media Driver (x86-64) [Hewlett-Packard Company]: \\.\GLOBALROOT\SystemRoot\System32\drivers\HpSAMD.sys
    VMware Pointing USB Device Driver - 12.5.7.0 build-3574480 [VMware, Inc.]: \\.\GLOBALROOT\SystemRoot\System32\drivers\vmusbmouse.sys
    VMware Pointing PS/2 Device Driver - 12.5.7.0 build-3574480 [VMware, Inc.]: \\.\GLOBALROOT\SystemRoot\System32\drivers\vmmouse.sys
    VMware SVGA 3D - 8.16.01.0020 - build-9974803 [VMware, Inc.]: \\.\GLOBALROOT\SystemRoot\system32\DRIVERS\vm3dmp_loader.sys
    VMware SVGA 3D - 8.16.01.0020 - build-9974803 [VMware, Inc.]: \\.\GLOBALROOT\SystemRoot\system32\DRIVERS\vm3dmp.sys
    VMware PCIe Ethernet Adapter NDIS 6.30 (64-bit) - 1.7.3.8 build-7724565 [VMware, Inc.]: \\.\GLOBALROOT\SystemRoot\System32\drivers\vmxnet3.sys
    VMware server memory controller - 7.4.2.0 build-5980934 [VMware, Inc.]: \\.\GLOBALROOT\SystemRoot\system32\DRIVERS\vmmemctl.sys


  =========================================(Network Information)=========================================

  [+] Network Shares
    ADMIN$ (Path: C:\Windows)
    C$ (Path: C:\)
    IPC$ (Path: )

  [+] Host File

  [+] Network Ifaces and known hosts
   [?] The masks are only for the IPv4 addresses 
    Ethernet0[00:50:56:B9:8F:E1]: 10.10.10.198, fe80::1d3:dda7:ee5e:cafc%10, dead:beef::9cc9:75f5:1f49:2d3f, dead:beef::1d3:dda7:ee5e:cafc / 255.255.255.0
        Gateways: 10.10.10.2, fe80::250:56ff:feb9:2ce8%10
        DNSs: 8.8.8.8
        Known hosts:
          10.10.10.2            00-50-56-B9-2C-E8     Dynamic
          10.10.10.255          FF-FF-FF-FF-FF-FF     Static
          224.0.0.22            01-00-5E-00-00-16     Static
          224.0.0.252           01-00-5E-00-00-FC     Static
          239.255.255.250       01-00-5E-7F-FF-FA     Static

    Loopback Pseudo-Interface 1[]: 127.0.0.1, ::1 / 255.0.0.0
        DNSs: fec0:0:0:ffff::1%1, fec0:0:0:ffff::2%1, fec0:0:0:ffff::3%1
        Known hosts:
          224.0.0.22            00-00-00-00-00-00     Static
          239.255.255.250       00-00-00-00-00-00     Static


  [+] Current Listening Ports
   [?] Check for services restricted from the outside 
    Proto     Local Address          Foreign Address        State
    TCP       0.0.0.0:135                                   Listening
    TCP       0.0.0.0:445                                   Listening
    TCP       0.0.0.0:5040                                  Listening
    TCP       0.0.0.0:7680                                  Listening
    TCP       0.0.0.0:8080                                  Listening
    TCP       0.0.0.0:49664                                 Listening
    TCP       0.0.0.0:49665                                 Listening
    TCP       0.0.0.0:49666                                 Listening
    TCP       0.0.0.0:49667                                 Listening
    TCP       0.0.0.0:49668                                 Listening
    TCP       0.0.0.0:49669                                 Listening
    TCP       10.10.10.198:139                              Listening
    TCP       127.0.0.1:3306                                Listening
    TCP       [::]:135                                      Listening
    TCP       [::]:445                                      Listening
    TCP       [::]:7680                                     Listening
    TCP       [::]:8080                                     Listening
    TCP       [::]:49664                                    Listening
    TCP       [::]:49665                                    Listening
    TCP       [::]:49666                                    Listening
    TCP       [::]:49667                                    Listening
    TCP       [::]:49668                                    Listening
    TCP       [::]:49669                                    Listening
    UDP       0.0.0.0:123                                   Listening
    UDP       0.0.0.0:5050                                  Listening
    UDP       0.0.0.0:5353                                  Listening
    UDP       0.0.0.0:5355                                  Listening
    UDP       10.10.10.198:137                              Listening
    UDP       10.10.10.198:138                              Listening
    UDP       10.10.10.198:1900                             Listening
    UDP       10.10.10.198:61519                            Listening
    UDP       127.0.0.1:1900                                Listening
    UDP       127.0.0.1:52769                               Listening
    UDP       127.0.0.1:61520                               Listening
    UDP       [::]:123                                      Listening
    UDP       [::1]:1900                                    Listening
    UDP       [::1]:61518                                   Listening
    UDP       [fe80::1d3:dda7:ee5e:cafc%10]:1900                       Listening
    UDP       [fe80::1d3:dda7:ee5e:cafc%10]:61517                       Listening

  [+] Firewall Rules
   [?] Showing only DENY rules (too many ALLOW rules always) 
    Current Profiles: PUBLIC
    FirewallEnabled (Domain):    True
    FirewallEnabled (Private):    True
    FirewallEnabled (Public):    True
    DENY rules:

  [+] DNS cached --limit 70--
    Entry                                 Name                                  Data


  =========================================(Windows Credentials)=========================================

  [+] Checking Windows Vault
   [?]  https://book.hacktricks.xyz/windows/windows-local-privilege-escalation#credentials-manager-windows-vault
    Not Found

  [+] Checking Credential manager
   [?]  https://book.hacktricks.xyz/windows/windows-local-privilege-escalation#credentials-manager-windows-vault
    This function is not yet implemented.
    [i] If you want to list credentials inside Credential Manager use 'cmdkey /list'

  [+] Saved RDP connections
    Not Found

  [+] Recently run commands
    Not Found

  [+] Checking for DPAPI Master Keys
   [?]  https://book.hacktricks.xyz/windows/windows-local-privilege-escalation#dpapi
    MasterKey: C:\Users\shaun\AppData\Roaming\Microsoft\Protect\S-1-5-21-2277156429-3381729605-2640630771-1001\1674c52f-3f3a-4f15-a3a5-caf2882e3795
    Accessed: 14/07/2020 13:41:19
    Modified: 14/07/2020 13:41:19
   =================================================================================================

    MasterKey: C:\Users\shaun\AppData\Roaming\Microsoft\Protect\S-1-5-21-2277156429-3381729605-2640630771-1001\1732919c-1e88-4903-a608-88b2564bf090
    Accessed: 16/06/2020 15:09:16
    Modified: 16/06/2020 15:09:16
   =================================================================================================


  [+] Checking for DPAPI Credential Files
   [?]  https://book.hacktricks.xyz/windows/windows-local-privilege-escalation#dpapi
    CredFile: C:\Users\shaun\AppData\Local\Microsoft\Credentials\DFBE70A7E5CC19A398EBF1B96859CE5D
    Description: Local Credential Data
    MasterKey: 1732919c-1e88-4903-a608-88b2564bf090
    Accessed: 16/06/2020 22:20:29
    Modified: 16/06/2020 22:20:29
    Size: 11152
   =================================================================================================

    [i] Follow the provided link for further instructions in how to decrypt the creds file

  [+] Checking for RDCMan Settings Files
   [?] Dump credentials from Remote Desktop Connection Manager https://book.hacktricks.xyz/windows/windows-local-privilege-escalation#remote-desktop-credential-manager
    Not Found

  [+] Looking for kerberos tickets
   [?]  https://book.hacktricks.xyz/pentesting/pentesting-kerberos-88
  [X] Exception: Object reference not set to an instance of an object.
    Not Found

  [+] Looking saved Wifis
    This function is not yet implemented.
    [i] If you want to list saved Wifis connections you can list the using 'netsh wlan show profile'
    [i] If you want to get the clear-text password use 'netsh wlan show profile <SSID> key=clear'

  [+] Looking AppCmd.exe
   [?]  https://book.hacktricks.xyz/windows/windows-local-privilege-escalation#appcmd-exe
    Not Found

  [+] Looking SSClient.exe
   [?]  https://book.hacktricks.xyz/windows/windows-local-privilege-escalation#scclient-sccm
    Not Found


  ========================================(Browsers Information)========================================

  [+] Looking for Firefox DBs
   [?]  https://book.hacktricks.xyz/windows/windows-local-privilege-escalation#browsers-history
    Not Found

  [+] Looking for GET credentials in Firefox history
   [?]  https://book.hacktricks.xyz/windows/windows-local-privilege-escalation#browsers-history
    Not Found

  [+] Looking for Chrome DBs
   [?]  https://book.hacktricks.xyz/windows/windows-local-privilege-escalation#browsers-history
    Not Found

  [+] Looking for GET credentials in Chrome history
   [?]  https://book.hacktricks.xyz/windows/windows-local-privilege-escalation#browsers-history
    Not Found

  [+] Chrome bookmarks
    Not Found

  [+] Current IE tabs
   [?]  https://book.hacktricks.xyz/windows/windows-local-privilege-escalation#browsers-history
  [X] Exception: System.Reflection.TargetInvocationException: Exception has been thrown by the target of an invocation. ---> System.UnauthorizedAccessException: Access is denied. (Exception from HRESULT: 0x80070005 (E_ACCESSDENIED))
   --- End of inner exception stack trace ---
   at System.RuntimeType.InvokeDispMethod(String name, BindingFlags invokeAttr, Object target, Object[] args, Boolean[] byrefModifiers, Int32 culture, String[] namedParameters)
   at System.RuntimeType.InvokeMember(String name, BindingFlags bindingFlags, Binder binder, Object target, Object[] providedArgs, ParameterModifier[] modifiers, CultureInfo culture, String[] namedParams)
   at winPEAS.KnownFileCredsInfo.GetCurrentIETabs()
    Not Found

  [+] Looking for GET credentials in IE history
   [?]  https://book.hacktricks.xyz/windows/windows-local-privilege-escalation#browsers-history

  [+] IE favorites
    http://go.microsoft.com/fwlink/p/?LinkId=255142


  ==============================(Interesting files and registry)==============================

  [+] Putty Sessions
    Not Found

  [+] Putty SSH Host keys
    Not Found

  [+] SSH keys in registry
   [?] If you find anything here, follow the link to learn how to decrypt the SSH keys https://book.hacktricks.xyz/windows/windows-local-privilege-escalation#ssh-keys-in-registry
    Not Found

  [+] Cloud Credentials
   [?]  https://book.hacktricks.xyz/windows/windows-local-privilege-escalation#credentials-inside-files
    Not Found

  [+] Unattend Files

  [+] Looking for common SAM & SYSTEM backups

  [+] Looking for McAfee Sitelist.xml Files

  [+] Cached GPP Passwords
  [X] Exception: Could not find a part of the path 'C:\ProgramData\Microsoft\Group Policy\History'.

  [+] Looking for possible regs with creds
   [?]  https://book.hacktricks.xyz/windows/windows-local-privilege-escalation#inside-the-registry
    Not Found
    Not Found
    Not Found
    Not Found

  [+] Looking for possible password files in users homes
   [?]  https://book.hacktricks.xyz/windows/windows-local-privilege-escalation#credentials-inside-files
    C:\Users\All Users\Microsoft\UEV\InboxTemplates\RoamingCredentialSettings.xml

  [+] Looking inside the Recycle Bin for creds files
   [?]  https://book.hacktricks.xyz/windows/windows-local-privilege-escalation#credentials-inside-files
    Not Found

  [+] Searching known files that can contain creds in home
   [?]  https://book.hacktricks.xyz/windows/windows-local-privilege-escalation#credentials-inside-files
    C:\Users\shaun\NTUSER.DAT

  [+] Looking for documents --limit 100--
    Not Found

  [+] Recent files --limit 70--
    Not Found
